[dotenv@17.3.1] injecting env (16) from .env -- tip: ΓÜÖ∩╕Å  override existing env vars with { override: true }
node:internal/modules/cjs/loader:1252
  throw err;
  ^

Error: Cannot find module '../middleware/uploadMiddleware'
Require stack:
- C:\Users\RAJIV MEDAPATI\Documents\projects\qr barnd rice hub\backend\routes\marketUpdateRoutes.js
- C:\Users\RAJIV MEDAPATI\Documents\projects\qr barnd rice hub\backend\server.js
    at Function._resolveFilename (node:internal/modules/cjs/loader:1249:15)
    at Function._load (node:internal/modules/cjs/loader:1075:27)
    at TracingChannel.traceSync (node:diagnostics_channel:322:14)
    at wrapModuleLoad (node:internal/modules/cjs/loader:219:24)
    at Module.require (node:internal/modules/cjs/loader:1340:12)
    at require (node:internal/modules/helpers:138:16)
    at Object.<anonymous> (C:\Users\RAJIV MEDAPATI\Documents\projects\qr barnd rice hub\backend\routes\marketUpdateRoutes.js:10:16)
    at Module._compile (node:internal/modules/cjs/loader:1565:14)
    at Object..js (node:internal/modules/cjs/loader:1708:10)
    at Module.load (node:internal/modules/cjs/loader:1318:32) {
  code: 'MODULE_NOT_FOUND',
  requireStack: [
    'C:\\Users\\RAJIV MEDAPATI\\Documents\\projects\\qr barnd rice hub\\backend\\routes\\marketUpdateRoutes.js',
    'C:\\Users\\RAJIV MEDAPATI\\Documents\\projects\\qr barnd rice hub\\backend\\server.js'
  ]
}

Node.js v22.12.0
